Arguments: 
  /Users/jsonderman/.nvm/versions/node/v12.9.1/bin/node /usr/local/Cellar/yarn/1.19.2/libexec/bin/yarn.js

PATH: 
  /Users/jsonderman/.nvm/versions/node/v12.9.1/bin:/usr/local/mysql/bin:/usr/local/bin:/usr/bin:/bin:/usr/sbin:/sbin

Yarn version: 
  1.19.2

Node version: 
  12.9.1

Platform: 
  darwin x64

Trace: 
  SyntaxError: /Users/jsonderman/Local Sites/peru-partner-site/app/public/wp-content/themes/ae-opr-theme/package.json: Unexpected token , in JSON at position 162
      at JSON.parse (<anonymous>)
      at /usr/local/Cellar/yarn/1.19.2/libexec/lib/cli.js:1625:59
      at Generator.next (<anonymous>)
      at step (/usr/local/Cellar/yarn/1.19.2/libexec/lib/cli.js:304:30)
      at /usr/local/Cellar/yarn/1.19.2/libexec/lib/cli.js:315:13

npm manifest: 
  {
    "name": "ae-opr-theme",
    "version": "1.0.0",
    "description": "=== Scaffold ===",
    "main": "index.js",
    "author": "Jason Sonderman",
    "license": "ISC",
    ,
     "scripts": {
      "build": "cross-env BABEL_ENV=default NODE_ENV=production webpack",
      "dev": "cross-env BABEL_ENV=default webpack --watch",
      "package": "wp dist-archive"
    },
    "dependencies": {
      "@dr-kobros/react-webfont-loader": "^8.0.0",
      "@fonticonpicker/react-fonticonpicker": "^1.2.0",
      "@wordpress/api-fetch": "^2.2.8",
      "@wordpress/compose": "^3.0.1",
      "acorn": ">=5.7.4",
      "autoprefixer": "^7.2.4",
      "babel-core": "^6.26.3",
      "babel-loader": "^7.1.5",
      "babel-plugin-transform-class-properties": "6.24.1",
      "babel-plugin-transform-object-rest-spread": "^6.26.0",
      "babel-plugin-transform-react-jsx": "^6.24.1",
      "babel-plugin-transform-runtime": "^6.23.0",
      "chalk": "^2.4.2",
      "classnames": "^2.2.6",
      "filesize": "^3.5.11",
      "grunt-bumpup": "^0.6.3",
      "grunt-contrib-clean": "^1.1.0",
      "grunt-contrib-compress": "^1.4.3",
      "grunt-contrib-copy": "^1.0.0",
      "grunt-text-replace": "^0.4.0",
      "grunt-wp-i18n": "^1.0.3",
      "gzip-size": "^4.1.0",
      "immutability-helper": "^3.0.1",
      "jquery": "^3.5.0",
      "kind-of": ">=6.0.3",
      "lodash": "^4.17.11",
      "mem": ">=4.0.0",
      "memize": "^1.0.5",
      "memoize": "^0.1.1",
      "minimist": ">=1.2.3",
      "ora": "^1.3.0",
      "postcss-loader": "^2.1.6",
      "prop-types": "^15.7.2",
      "querystringify": "^2.1.1",
      "raw-loader": "^0.5.1",
      "react": "16.8.6",
      "react-dom": "16.8.6",
      "react-inlinesvg": "^1.2.0",
      "react-scripts": "^3.3.0",
      "react-select": "^3.1.0",
      "react-slick": "^0.23.2",
      "react-transition-group": "^4.3.0",
      "sass-extract": "^2.1.0",
      "sass-extract-js": "^0.4.0",
      "sass-extract-loader": "^1.1.0",
      "slick-carousel": "^1.8.1",
      "striptags": "^3.1.1",
      "svg-inline-loader": "^0.8.2",
      "svg-react-loader": "^0.4.6",
      "update-notifier": "^2.3.0"
    },
    "babel": {
      "presets": [
        [
          "env",
          {
            "modules": false,
            "targets": {
              "browsers": [
                "last 2 Chrome versions",
                "last 2 Firefox versions",
                "last 2 Safari versions",
                "last 2 iOS versions",
                "last 1 Android version",
                "last 1 ChromeAndroid version",
                "ie 11"
              ]
            }
          }
        ]
      ],
      "plugins": [
        [
          "transform-object-rest-spread"
        ],
        [
          "transform-object-rest-spread",
          {
            "useBuiltIns": true
          }
        ],
        [
          "transform-react-jsx",
          {
            "pragma": "wp.element.createElement"
          }
        ],
        [
          "transform-runtime",
          {
            "helpers": false,
            "polyfill": false,
            "regenerator": true
          }
        ]
      ]
    },
    "devDependencies": {
      "babel-eslint": "^10.0.1",
      "babel-preset-env": "^1.7.0",
      "cross-env": "^5.1.5",
      "css-loader": "^2.1.0",
      "eslint": "^6.8.0",
      "eslint-config-wordpress": "^2.0.0",
      "eslint-plugin-jest": "^21.27.2",
      "eslint-plugin-jsx-a11y": "^6.2.1",
      "eslint-plugin-react": "^7.12.4",
      "eslint-plugin-wordpress": "^0.1.0",
      "extract-text-webpack-plugin": "^4.0.0-beta.0",
      "file-loader": "^6.0.0",
      "grunt": "^1.1.0",
      "grunt-wp-readme-to-markdown": "^2.0.1",
      "memize": "^1.0.5",
      "mini-css-extract-plugin": "^0.5.0",
      "node-sass": "^4.14.1",
      "react-masonry-component": "^6.2.1",
      "react-masonry-css": "^1.0.12",
      "react-memoize": "^1.0.1",
      "sass-loader": "^8.0.2",
      "style-loader": "^1.2.1",
      "ttf-loader": "^1.0.2",
      "uglifyjs-webpack-plugin": "^2.2.0",
      "webfontloader": "^1.6.28",
      "webpack": "^4.10.2",
      "webpack-cli": "^3.0.2",
      "webpack-config": "^7.5.0"
    }
  }

yarn manifest: 
  No manifest

Lockfile: 
  # THIS IS AN AUTOGENERATED FILE. DO NOT EDIT THIS FILE DIRECTLY.
  # yarn lockfile v1
  
  
  "js-tokens@^3.0.0 || ^4.0.0":
    version "4.0.0"
    resolved "https://registry.yarnpkg.com/js-tokens/-/js-tokens-4.0.0.tgz#19203fb59991df98e3a287050d4647cdeaf32499"
    integrity sha512-RdJUflcE3cUzKiMqQgsCu06FPu9UdIJO0beYbPhHN4k6apgJtifcoCtT9bcxOpYBtpD2kCM6Sbzg4CausW/PKQ==
  
  loose-envify@^1.1.0, loose-envify@^1.4.0:
    version "1.4.0"
    resolved "https://registry.yarnpkg.com/loose-envify/-/loose-envify-1.4.0.tgz#71ee51fa7be4caec1a63839f7e682d8132d30caf"
    integrity sha512-lyuxPGr/Wfhrlem2CL/UcnUc1zcqKAImBDzukY7Y5F/yQiNdko6+fRLevlw1HgMySw7f611UIY408EtxRSoK3Q==
    dependencies:
      js-tokens "^3.0.0 || ^4.0.0"
  
  object-assign@^4.1.1:
    version "4.1.1"
    resolved "https://registry.yarnpkg.com/object-assign/-/object-assign-4.1.1.tgz#2109adc7965887cfc05cbbd442cac8bfbb360863"
    integrity sha1-IQmtx5ZYh8/AXLvUQsrIv7s2CGM=
  
  prop-types@^15.6.2:
    version "15.7.2"
    resolved "https://registry.yarnpkg.com/prop-types/-/prop-types-15.7.2.tgz#52c41e75b8c87e72b9d9360e0206b99dcbffa6c5"
    integrity sha512-8QQikdH7//R2vurIJSutZ1smHYTcLpRWEOlHnzcWHmBYrOGUysKwSsrC89BCiFj3CbrfJ/nXFdJepOVrY1GCHQ==
    dependencies:
      loose-envify "^1.4.0"
      object-assign "^4.1.1"
      react-is "^16.8.1"
  
  react-dom@^16.13.1:
    version "16.13.1"
    resolved "https://registry.yarnpkg.com/react-dom/-/react-dom-16.13.1.tgz#c1bd37331a0486c078ee54c4740720993b2e0e7f"
    integrity sha512-81PIMmVLnCNLO/fFOQxdQkvEq/+Hfpv24XNJfpyZhTRfO0QcmQIF/PgCa1zCOj2w1hrn12MFLyaJ/G0+Mxtfag==
    dependencies:
      loose-envify "^1.1.0"
      object-assign "^4.1.1"
      prop-types "^15.6.2"
      scheduler "^0.19.1"
  
  react-is@^16.8.1:
    version "16.13.1"
    resolved "https://registry.yarnpkg.com/react-is/-/react-is-16.13.1.tgz#789729a4dc36de2999dc156dd6c1d9c18cea56a4"
    integrity sha512-24e6ynE2H+OKt4kqsOvNd8kBpV65zoxbA4BVsEOB3ARVWQki/DHzaUoC5KuON/BiccDaCCTZBuOcfZs70kR8bQ==
  
  react@^16.13.1:
    version "16.13.1"
    resolved "https://registry.yarnpkg.com/react/-/react-16.13.1.tgz#2e818822f1a9743122c063d6410d85c1e3afe48e"
    integrity sha512-YMZQQq32xHLX0bz5Mnibv1/LHb3Sqzngu7xstSM+vrkE5Kzr9xE0yMByK5kMoTK30YVJE61WfbxIFFvfeDKT1w==
    dependencies:
      loose-envify "^1.1.0"
      object-assign "^4.1.1"
      prop-types "^15.6.2"
  
  scheduler@^0.19.1:
    version "0.19.1"
    resolved "https://registry.yarnpkg.com/scheduler/-/scheduler-0.19.1.tgz#4f3e2ed2c1a7d65681f4c854fa8c5a1ccb40f196"
    integrity sha512-n/zwRWRYSUj0/3g/otKDRPMh6qv2SYMWNq85IEa8iZyAv8od9zDYpGSnpBEjNgcMNq6Scbu5KfIPxNF72R/2EA==
    dependencies:
      loose-envify "^1.1.0"
      object-assign "^4.1.1"
